<?xml version="1.0" encoding="UTF-8"?>
<!-- Generated by org.testng.reporters.JUnitReportReporter -->
<testsuite skipped="0" hostname="GALEs-MacBook-Pro-7.local" name="com.cucumber.Test.TestRunnerA" tests="1" failures="0" timestamp="02 May 2018 11:33:35 GMT" time="13.118" errors="0">
  <testcase name="feature" time="13.118" classname="com.cucumber.Test.TestRunnerA"/>
</testsuite> <!-- com.cucumber.Test.TestRunnerA -->
